<?xml version="1.0" encoding="UTF-8"?>
<!-- Generated by org.testng.reporters.JUnitReportReporter -->
<testsuite skipped="0" hostname="LAPTOP-CF9AIAH3" name="MavenJava.RestAPITest" tests="2" failures="0" timestamp="2022-03-11T10:34:36 IST" time="0.000" errors="0">
  <testcase name="postJira" time="0.000" classname="MavenJava.RestAPITest"/>
  <system-out/>
  <testcase name="deleteTwitter" time="0.000" classname="MavenJava.RestAPITest"/>
  <system-out/>
</testsuite> <!-- MavenJava.RestAPITest -->
