<?xml version="1.0" encoding="UTF-8"?>
<!-- Generated by org.testng.reporters.JUnitReportReporter -->
<testsuite skipped="0" hostname="LAPTOP-CF9AIAH3" name="MavenJava.SeleniumTest" tests="2" failures="0" timestamp="2022-03-11T10:34:36 IST" time="0.000" errors="0">
  <testcase name="elementsUI" time="0.000" classname="MavenJava.SeleniumTest"/>
  <system-out/>
  <testcase name="browserAutomation" time="0.000" classname="MavenJava.SeleniumTest"/>
  <system-out/>
</testsuite> <!-- MavenJava.SeleniumTest -->
